workspace/WeAC/build/outputs/logs/manifest-merger-debug-report.txt
-- Merging decision tree log ---
manifest
ADDED from src\main\AndroidManifest.xml:2:1-100:12
	xmlns:android
		ADDED from src\main\AndroidManifest.xml:4:5-63
	package
		ADDED from src\main\AndroidManifest.xml:3:5-28
		INJECTED from src\main\AndroidManifest.xml
		INJECTED from src\main\AndroidManifest.xml
	android:versionName
		ADDED from src\main\AndroidManifest.xml:6:5-30
	android:versionCode
		ADDED from src\main\AndroidManifest.xml:5:5-28
		INJECTED from src\main\AndroidManifest.xml
		INJECTED from src\main\AndroidManifest.xml
uses-permission#android.permission.RECEIVE_BOOT_COMPLETED
ADDED from src\main\AndroidManifest.xml:8:5-80
	android:name
		ADDED from src\main\AndroidManifest.xml:8:22-78
uses-permission#android.permission.VIBRATE
ADDED from src\main\AndroidManifest.xml:9:5-65
	android:name
		ADDED from src\main\AndroidManifest.xml:9:22-63
uses-permission#android.permission.RECORD_AUDIO
ADDED from src\main\AndroidManifest.xml:10:5-70
	android:name
		ADDED from src\main\AndroidManifest.xml:10:22-68
uses-permission#android.permission.INTERNET
ADDED from src\main\AndroidManifest.xml:11:5-66
	android:name
		ADDED from src\main\AndroidManifest.xml:11:22-64
uses-permission#android.permission.WRITE_EXTERNAL_STORAGE
ADDED from src\main\AndroidManifest.xml:13:5-80
	android:name
		ADDED from src\main\AndroidManifest.xml:13:22-78
uses-permission#android.permission.READ_EXTERNAL_STORAGE
ADDED from src\main\AndroidManifest.xml:14:5-79
	android:name
		ADDED from src\main\AndroidManifest.xml:14:22-77
uses-permission#android.permission.MOUNT_UNMOUNT_FILESYSTEMS
ADDED from src\main\AndroidManifest.xml:15:5-83
	android:name
		ADDED from src\main\AndroidManifest.xml:15:22-81
application
ADDED from src\main\AndroidManifest.xml:17:5-98:19
MERGED from [com.android.support:support-v4:23.0.0] AndroidManifest.xml:22:5-20
MERGED from [workspace:PullToRefresh:unspecified] AndroidManifest.xml:11:5-20
MERGED from [com.android.support:support-v4:23.0.0] AndroidManifest.xml:22:5-20
	android:label
		ADDED from src\main\AndroidManifest.xml:20:9-41
	android:allowBackup
		ADDED from src\main\AndroidManifest.xml:18:9-35
	android:icon
		ADDED from src\main\AndroidManifest.xml:19:9-45
activity#com.kaku.weac.activities.MainActivity
ADDED from src\main\AndroidManifest.xml:21:9-34:20
	android:screenOrientation
		ADDED from src\main\AndroidManifest.xml:24:13-49
	android:label
		ADDED from src\main\AndroidManifest.xml:23:13-45
	android:name
		ADDED from src\main\AndroidManifest.xml:22:13-52
intent-filter#android.intent.action.MAIN+android.intent.action.SET_ALARM+android.intent.category.DEFAULT+android.intent.category.LAUNCHER
ADDED from src\main\AndroidManifest.xml:25:13-33:29
action#android.intent.action.SET_ALARM
ADDED from src\main\AndroidManifest.xml:26:17-73
	android:name
		ADDED from src\main\AndroidManifest.xml:26:25-71
category#android.intent.category.DEFAULT
ADDED from src\main\AndroidManifest.xml:28:17-75
	android:name
		ADDED from src\main\AndroidManifest.xml:28:27-73
action#android.intent.action.MAIN
ADDED from src\main\AndroidManifest.xml:30:17-68
	android:name
		ADDED from src\main\AndroidManifest.xml:30:25-66
category#android.intent.category.LAUNCHER
ADDED from src\main\AndroidManifest.xml:32:17-76
	android:name
		ADDED from src\main\AndroidManifest.xml:32:27-74
activity#com.kaku.weac.activities.ThemeActivity
ADDED from src\main\AndroidManifest.xml:35:9-61
	android:name
		ADDED from src\main\AndroidManifest.xml:35:19-59
activity#com.kaku.weac.activities.AlarmClockNewActivity
ADDED from src\main\AndroidManifest.xml:36:9-39:49
	android:screenOrientation
		ADDED from src\main\AndroidManifest.xml:38:13-49
	android:theme
		ADDED from src\main\AndroidManifest.xml:39:13-47
	android:name
		ADDED from src\main\AndroidManifest.xml:37:13-61
activity#com.kaku.weac.activities.AlarmClockEditActivity
ADDED from src\main\AndroidManifest.xml:40:9-43:49
	android:screenOrientation
		ADDED from src\main\AndroidManifest.xml:42:13-49
	android:theme
		ADDED from src\main\AndroidManifest.xml:43:13-47
	android:name
		ADDED from src\main\AndroidManifest.xml:41:13-62
activity#com.kaku.weac.activities.RingSelectActivity
ADDED from src\main\AndroidManifest.xml:44:9-47:49
	android:screenOrientation
		ADDED from src\main\AndroidManifest.xml:46:13-49
	android:theme
		ADDED from src\main\AndroidManifest.xml:47:13-47
	android:name
		ADDED from src\main\AndroidManifest.xml:45:13-58
activity#com.kaku.weac.activities.AlarmClockOntimeActivity
ADDED from src\main\AndroidManifest.xml:48:9-51:72
	android:screenOrientation
		ADDED from src\main\AndroidManifest.xml:50:13-49
	android:theme
		ADDED from src\main\AndroidManifest.xml:51:13-70
	android:name
		ADDED from src\main\AndroidManifest.xml:49:13-64
activity#com.kaku.weac.activities.AlarmClockNapNotificationActivity
ADDED from src\main\AndroidManifest.xml:52:9-54:61
	android:theme
		ADDED from src\main\AndroidManifest.xml:54:13-59
	android:name
		ADDED from src\main\AndroidManifest.xml:53:13-73
activity#com.kaku.weac.activities.NapEditActivity
ADDED from src\main\AndroidManifest.xml:55:9-57:52
	android:theme
		ADDED from src\main\AndroidManifest.xml:57:13-50
	android:name
		ADDED from src\main\AndroidManifest.xml:56:13-55
activity#com.kaku.weac.activities.RecordOperateActivity
ADDED from src\main\AndroidManifest.xml:58:9-60:52
	android:theme
		ADDED from src\main\AndroidManifest.xml:60:13-50
	android:name
		ADDED from src\main\AndroidManifest.xml:59:13-61
activity#com.kaku.weac.activities.RecordDetailActivity
ADDED from src\main\AndroidManifest.xml:61:9-63:52
	android:theme
		ADDED from src\main\AndroidManifest.xml:63:13-50
	android:name
		ADDED from src\main\AndroidManifest.xml:62:13-60
activity#com.kaku.weac.activities.RecordRenameActivity
ADDED from src\main\AndroidManifest.xml:64:9-66:52
	android:theme
		ADDED from src\main\AndroidManifest.xml:66:13-50
	android:name
		ADDED from src\main\AndroidManifest.xml:65:13-60
activity#com.kaku.weac.activities.RecordDeleteActivity
ADDED from src\main\AndroidManifest.xml:67:9-69:52
	android:theme
		ADDED from src\main\AndroidManifest.xml:69:13-50
	android:name
		ADDED from src\main\AndroidManifest.xml:68:13-60
activity#com.kaku.weac.activities.LifeIndexDetailActivity
ADDED from src\main\AndroidManifest.xml:70:9-72:52
	android:theme
		ADDED from src\main\AndroidManifest.xml:72:13-50
	android:name
		ADDED from src\main\AndroidManifest.xml:71:13-63
activity#com.kaku.weac.activities.RecordDeleteBatchActivity
ADDED from src\main\AndroidManifest.xml:73:9-75:49
	android:theme
		ADDED from src\main\AndroidManifest.xml:75:13-47
	android:name
		ADDED from src\main\AndroidManifest.xml:74:13-65
receiver#com.kaku.weac.broadcast.AlarmClockBroadcast
ADDED from src\main\AndroidManifest.xml:77:9-79:40
	android:process
		ADDED from src\main\AndroidManifest.xml:79:13-38
	android:name
		ADDED from src\main\AndroidManifest.xml:78:13-58
receiver#com.kaku.weac.broadcast.BootBroadcastReceiver
ADDED from src\main\AndroidManifest.xml:80:9-84:20
	android:name
		ADDED from src\main\AndroidManifest.xml:80:19-66
intent-filter#android.intent.action.BOOT_COMPLETED
ADDED from src\main\AndroidManifest.xml:81:13-83:29
action#android.intent.action.BOOT_COMPLETED
ADDED from src\main\AndroidManifest.xml:82:17-78
	android:name
		ADDED from src\main\AndroidManifest.xml:82:25-76
provider#com.kaku.weac.db.AlarmClockProvider
ADDED from src\main\AndroidManifest.xml:86:9-89:39
	android:exported
		ADDED from src\main\AndroidManifest.xml:89:13-37
	android:authorities
		ADDED from src\main\AndroidManifest.xml:88:13-48
	android:name
		ADDED from src\main\AndroidManifest.xml:87:13-50
service#com.kaku.weac.service.GuardMasterService
ADDED from src\main\AndroidManifest.xml:91:9-97:19
	android:exported
		ADDED from src\main\AndroidManifest.xml:93:13-37
	android:name
		ADDED from src\main\AndroidManifest.xml:92:13-55
intent-filter#com.kaku.GuardMasterService
ADDED from src\main\AndroidManifest.xml:94:13-96:29
	android:priority
		ADDED from src\main\AndroidManifest.xml:94:28-51
action#com.kaku.GuardMasterService
ADDED from src\main\AndroidManifest.xml:95:17-69
	android:name
		ADDED from src\main\AndroidManifest.xml:95:25-67
uses-sdk
INJECTED from src\main\AndroidManifest.xml reason: use-sdk injection requested
MERGED from [workspace:PagerSlidingTabStrip:unspecified] AndroidManifest.xml:6:5-8:41
MERGED from [com.android.support:support-v4:23.0.0] AndroidManifest.xml:20:5-43
MERGED from [workspace:PullToRefresh:unspecified] AndroidManifest.xml:7:5-9:40
MERGED from [com.android.support:support-v4:23.0.0] AndroidManifest.xml:20:5-43
	android:targetSdkVersion
		INJECTED from src\main\AndroidManifest.xml
		INJECTED from src\main\AndroidManifest.xml
	android:minSdkVersion
		INJECTED from src\main\AndroidManifest.xml
		INJECTED from src\main\AndroidManifest.xml